[debug] [2022-05-02T17:32:54.923Z] ----------------------------------------------------------------------
[debug] [2022-05-02T17:32:54.925Z] Command:       C:\Program Files\nodejs\node.exe C:\Program Files\nodejs\node_modules\firebase-tools\lib\bin\firebase.js init
[debug] [2022-05-02T17:32:54.926Z] CLI Version:   10.7.2
[debug] [2022-05-02T17:32:54.926Z] Platform:      win32
[debug] [2022-05-02T17:32:54.926Z] Node Version:  v14.18.1
[debug] [2022-05-02T17:32:54.927Z] Time:          Mon May 02 2022 23:32:54 GMT+0600 (Bangladesh Standard Time)
[debug] [2022-05-02T17:32:54.927Z] ----------------------------------------------------------------------
[debug] 
[debug] [2022-05-02T17:32:54.987Z] > command requires scopes: ["email","openid","https://www.googleapis.com/auth/cloudplatformprojects.readonly","https://www.googleapis.com/auth/firebase","https://www.googleapis.com/auth/cloud-platform"]
[debug] [2022-05-02T17:32:54.988Z] > authorizing via signed-in user (solaiman.naiem890@gmail.com)
[info] 
     ######## #### ########  ######## ########     ###     ######  ########
     ##        ##  ##     ## ##       ##     ##  ##   ##  ##       ##
     ######    ##  ########  ######   ########  #########  ######  ######
     ##        ##  ##    ##  ##       ##     ## ##     ##       ## ##
     ##       #### ##     ## ######## ########  ##     ##  ######  ########

You're about to initialize a Firebase project in this directory:

  E:\Practice\Programming-Hero Assignment\Assignment-11\client

Before we get started, keep in mind:

  * You are initializing within an existing Firebase project directory

[info] 
=== Project Setup
[info] 
[info] First, let's associate this project directory with a Firebase project.
[info] You can create multiple project aliases by running firebase use --add, 
[info] but for now we'll just set up a default project.
[info] 
[debug] [2022-05-02T17:33:00.847Z] Using project from CLI flag: smart-shop-manager
[debug] [2022-05-02T17:33:00.849Z] >>> [apiv2][query] GET https://firebase.googleapis.com/v1beta1/projects/smart-shop-manager [none]
[debug] [2022-05-02T17:33:01.659Z] <<< [apiv2][status] GET https://firebase.googleapis.com/v1beta1/projects/smart-shop-manager 200
[debug] [2022-05-02T17:33:01.659Z] <<< [apiv2][body] GET https://firebase.googleapis.com/v1beta1/projects/smart-shop-manager {"projectId":"smart-shop-manager","projectNumber":"719971729395","displayName":"smart-shop-manager","name":"projects/smart-shop-manager","resources":{"hostingSite":"smart-shop-manager"},"state":"ACTIVE"}
[info] i  Using project smart-shop-manager (smart-shop-manager) 
[info] 
=== Hosting Setup
[info] 
[info] Your public directory is the folder (relative to your project directory) that
[info] will contain Hosting assets to be uploaded with firebase deploy. If you
[info] have a build process for your assets, use your build's output directory.
[info] 
[debug] [2022-05-02T17:33:11.790Z] >>> [apiv2][query] GET https://www.gstatic.com/firebasejs/releases.json [none]
[debug] [2022-05-02T17:33:12.104Z] <<< [apiv2][status] GET https://www.gstatic.com/firebasejs/releases.json 200
[debug] [2022-05-02T17:33:12.104Z] <<< [apiv2][body] GET https://www.gstatic.com/firebasejs/releases.json {"current":{"version":"9.7.0","browserURL":"https://www.gstatic.com/firebasejs/9.7.0/firebase.js","packageURL":"https://www.gstatic.com/firebasejs/9.7.0/firebase.tgz"},"live":{"version":"9.7","browserURL":"https://www.gstatic.com/firebasejs/live/9.7/firebase.js","packageURL":"https://www.gstatic.com/firebasejs/live/9.7/firebase.tgz"},"components":{"analytics":"https://www.gstatic.com/firebasejs/9.7.0/firebase-analytics.js","app":"https://www.gstatic.com/firebasejs/9.7.0/firebase-app.js","app-check":"https://www.gstatic.com/firebasejs/9.7.0/firebase-app-check.js","auth":"https://www.gstatic.com/firebasejs/9.7.0/firebase-auth.js","auth/cordova":"https://www.gstatic.com/firebasejs/9.7.0/firebase-auth/cordova.js","auth/react-native":"https://www.gstatic.com/firebasejs/9.7.0/firebase-auth/react-native.js","functions":"https://www.gstatic.com/firebasejs/9.7.0/firebase-functions.js","firestore":"https://www.gstatic.com/firebasejs/9.7.0/firebase-firestore.js","firestore/lite":"https://www.gstatic.com/firebasejs/9.7.0/firebase-firestore/lite.js","storage":"https://www.gstatic.com/firebasejs/9.7.0/firebase-storage.js","performance":"https://www.gstatic.com/firebasejs/9.7.0/firebase-performance.js","remote-config":"https://www.gstatic.com/firebasejs/9.7.0/firebase-remote-config.js","messaging":"https://www.gstatic.com/firebasejs/9.7.0/firebase-messaging.js","messaging/sw":"https://www.gstatic.com/firebasejs/9.7.0/firebase-messaging/sw.js","database":"https://www.gstatic.com/firebasejs/9.7.0/firebase-database.js","firestore.memory":"https://www.gstatic.com/firebasejs/9.7.0/firebase-firestore.memory.js"}}
[info] +  Wrote build/index.html 
[info] 
[info] i  Detected a .git folder at E:\Practice\Programming-Hero Assignment\Assignment-11\client 
[info] i  Authorizing with GitHub to upload your service account to a GitHub repository's secrets store. 
[info] 
[info] Visit this URL on this device to log in:
[info] https://github.com/login/oauth/authorize?client_id=89cf50f02ac6aaed3484&state=205235905&redirect_uri=http%3A%2F%2Flocalhost%3A9005&scope=read%3Auser%20repo%20public_repo
[info] 
[info] Waiting for authentication...
[debug] [2022-05-02T17:34:01.045Z] >>> HTTP REQUEST POST https://github.com/login/oauth/access_token  
 {"client_id":"89cf50f02ac6aaed3484","client_secret":"3330d14abc895d9a74d5f17cd7a00711fa2c5bf0","code":"3d72d571d027e8256cc4","redirect_uri":"http://localhost:9005","state":"205235905"}
[debug] [2022-05-02T17:34:01.872Z] <<< HTTP RESPONSE 200 {"server":"GitHub.com","date":"Mon, 02 May 2022 17:34:02 GMT","content-type":"application/json; charset=utf-8","transfer-encoding":"chunked","vary":"X-PJAX, X-PJAX-Container, Accept-Encoding, Accept, X-Requested-With","permissions-policy":"interest-cohort=()","etag":"W/\"374fca6f34b5849585572d9c41ed7b4c\"","cache-control":"max-age=0, private, must-revalidate","strict-transport-security":"max-age=31536000; includeSubdomains; preload","x-frame-options":"deny","x-content-type-options":"nosniff","x-xss-protection":"0","referrer-policy":"origin-when-cross-origin, strict-origin-when-cross-origin","expect-ct":"max-age=2592000, report-uri=\"https://api.github.com/_private/browser/errors\"","content-security-policy":"default-src 'none'; base-uri 'self'; block-all-mixed-content; child-src github.com/assets-cdn/worker/ gist.github.com/assets-cdn/worker/; connect-src 'self' uploads.github.com objects-origin.githubusercontent.com www.githubstatus.com collector.github.com raw.githubusercontent.com api.github.com github-cloud.s3.amazonaws.com github-production-repository-file-5c1aeb.s3.amazonaws.com github-production-upload-manifest-file-7fdce7.s3.amazonaws.com github-production-user-asset-6210df.s3.amazonaws.com cdn.optimizely.com logx.optimizely.com/v1/events translator.github.com *.actions.githubusercontent.com wss://*.actions.githubusercontent.com online.visualstudio.com/api/v1/locations github-production-repository-image-32fea6.s3.amazonaws.com github-production-release-asset-2e65be.s3.amazonaws.com insights.github.com wss://alive.github.com; font-src github.githubassets.com; form-action 'self' github.com gist.github.com objects-origin.githubusercontent.com; frame-ancestors 'none'; frame-src render.githubusercontent.com viewscreen.githubusercontent.com notebooks.githubusercontent.com; img-src 'self' data: github.githubassets.com identicons.github.com github-cloud.s3.amazonaws.com secured-user-images.githubusercontent.com/ *.githubusercontent.com; manifest-src 'self'; media-src github.com user-images.githubusercontent.com/; script-src github.githubassets.com; style-src 'unsafe-inline' github.githubassets.com; worker-src github.com/assets-cdn/worker/ gist.github.com/assets-cdn/worker/","x-github-request-id":"E9A2:0163:9E846:BB872:6270160A"}
[debug] [2022-05-02T17:34:01.886Z] >>> [apiv2][query] GET https://api.github.com/user [none]
[debug] [2022-05-02T17:34:02.626Z] <<< [apiv2][status] GET https://api.github.com/user 200
[debug] [2022-05-02T17:34:02.626Z] <<< [apiv2][body] GET https://api.github.com/user {"login":"Naiem890","id":59079456,"node_id":"MDQ6VXNlcjU5MDc5NDU2","avatar_url":"https://avatars.githubusercontent.com/u/59079456?v=4","gravatar_id":"","url":"https://api.github.com/users/Naiem890","html_url":"https://github.com/Naiem890","followers_url":"https://api.github.com/users/Naiem890/followers","following_url":"https://api.github.com/users/Naiem890/following{/other_user}","gists_url":"https://api.github.com/users/Naiem890/gists{/gist_id}","starred_url":"https://api.github.com/users/Naiem890/starred{/owner}{/repo}","subscriptions_url":"https://api.github.com/users/Naiem890/subscriptions","organizations_url":"https://api.github.com/users/Naiem890/orgs","repos_url":"https://api.github.com/users/Naiem890/repos","events_url":"https://api.github.com/users/Naiem890/events{/privacy}","received_events_url":"https://api.github.com/users/Naiem890/received_events","type":"User","site_admin":false,"name":"Solaiman Islam Naiem","company":null,"blog":"","location":null,"email":null,"hireable":true,"bio":"UI UX Designer & Front-End Developer","twitter_username":null,"public_repos":24,"public_gists":0,"followers":12,"following":16,"created_at":"2019-12-20T06:30:43Z","updated_at":"2022-05-01T18:16:54Z","private_gists":0,"total_private_repos":0,"owned_private_repos":0,"disk_usage":50055,"collaborators":0,"two_factor_authentication":false,"plan":{"name":"free","space":976562499,"collaborators":0,"private_repos":10000}}
[info] 
[info] +  Success! Logged into GitHub as Naiem890 
[info] 
